<?xml version="1.0" encoding="UTF-8"?>
<testng-results skipped="0" failed="2" ignored="8" total="13" passed="3">
  <reporter-output>
  </reporter-output>
  <suite name="Surefire suite" duration-ms="34166" started-at="2022-04-27T22:09:53 IST" finished-at="2022-04-27T22:10:28 IST">
    <groups>
    </groups>
    <test name="Surefire test" duration-ms="34166" started-at="2022-04-27T22:09:53 IST" finished-at="2022-04-27T22:10:28 IST">
      <class name="tests.LeaderBoardTest">
        <test-method status="FAIL" signature="verifyScoreCard(org.testng.ITestContext)[pri:5, instance:tests.LeaderBoardTest@4fcd19b3]" name="verifyScoreCard" duration-ms="39" started-at="2022-04-27T22:10:27 IST" finished-at="2022-04-27T22:10:27 IST">
          <params>
            <param index="0">
              <value>
                <![CDATA[org.testng.TestRunner@7d288eb8]]>
              </value>
            </param>
          </params>
          <exception class="org.openqa.selenium.NoSuchElementException">
            <message>
              <![CDATA[no such element: Unable to locate element: {"method":"xpath","selector":"//p[@id='showData']//table"}
  (Session info: chrome=100.0.4896.127)
For documentation on this error, please visit: https://selenium.dev/exceptions/#no_such_element
Build info: version: '4.1.3', revision: '7b1ebf28ef'
System info: host: 'DESKTOP-1CAG08S', ip: '192.168.18.10', os.name: 'Windows 10', os.arch: 'amd64', os.version: '10.0', java.version: '1.8.0_321'
Driver info: org.openqa.selenium.chrome.ChromeDriver
Command: [b168d3a387054ac608aa9380b201eb82, findElement {using=xpath, value=//p[@id='showData']//table}]
Capabilities {acceptInsecureCerts: false, browserName: chrome, browserVersion: 100.0.4896.127, chrome: {chromedriverVersion: 100.0.4896.60 (6a5d10861ce8..., userDataDir: C:\Users\PRASHA~1\AppData\L...}, goog:chromeOptions: {debuggerAddress: localhost:58833}, javascriptEnabled: true, networkConnectionEnabled: false, pageLoadStrategy: normal, platform: WINDOWS, platformName: WINDOWS, proxy: Proxy(), se:cdp: ws://localhost:58833/devtoo..., se:cdpVersion: 100.0.4896.127, setWindowRect: true, strictFileInteractability: false, timeouts: {implicit: 0, pageLoad: 300000, script: 30000}, unhandledPromptBehavior: dismiss and notify, webauthn:extension:credBlob: true, webauthn:extension:largeBlob: true, webauthn:virtualAuthenticators: true}
Session ID: b168d3a387054ac608aa9380b201eb82]]>
            </message>
            <full-stacktrace>
              <![CDATA[org.openqa.selenium.NoSuchElementException: no such element: Unable to locate element: {"method":"xpath","selector":"//p[@id='showData']//table"}
  (Session info: chrome=100.0.4896.127)
For documentation on this error, please visit: https://selenium.dev/exceptions/#no_such_element
Build info: version: '4.1.3', revision: '7b1ebf28ef'
System info: host: 'DESKTOP-1CAG08S', ip: '192.168.18.10', os.name: 'Windows 10', os.arch: 'amd64', os.version: '10.0', java.version: '1.8.0_321'
Driver info: org.openqa.selenium.chrome.ChromeDriver
Command: [b168d3a387054ac608aa9380b201eb82, findElement {using=xpath, value=//p[@id='showData']//table}]
Capabilities {acceptInsecureCerts: false, browserName: chrome, browserVersion: 100.0.4896.127, chrome: {chromedriverVersion: 100.0.4896.60 (6a5d10861ce8..., userDataDir: C:\Users\PRASHA~1\AppData\L...}, goog:chromeOptions: {debuggerAddress: localhost:58833}, javascriptEnabled: true, networkConnectionEnabled: false, pageLoadStrategy: normal, platform: WINDOWS, platformName: WINDOWS, proxy: Proxy(), se:cdp: ws://localhost:58833/devtoo..., se:cdpVersion: 100.0.4896.127, setWindowRect: true, strictFileInteractability: false, timeouts: {implicit: 0, pageLoad: 300000, script: 30000}, unhandledPromptBehavior: dismiss and notify, webauthn:extension:credBlob: true, webauthn:extension:largeBlob: true, webauthn:virtualAuthenticators: true}
Session ID: b168d3a387054ac608aa9380b201eb82
at sun.reflect.NativeConstructorAccessorImpl.newInstance0(Native Method)
at sun.reflect.NativeConstructorAccessorImpl.newInstance(NativeConstructorAccessorImpl.java:62)
at sun.reflect.DelegatingConstructorAccessorImpl.newInstance(DelegatingConstructorAccessorImpl.java:45)
at java.lang.reflect.Constructor.newInstance(Constructor.java:423)
at org.openqa.selenium.remote.codec.w3c.W3CHttpResponseCodec.createException(W3CHttpResponseCodec.java:200)
at org.openqa.selenium.remote.codec.w3c.W3CHttpResponseCodec.decode(W3CHttpResponseCodec.java:133)
at org.openqa.selenium.remote.codec.w3c.W3CHttpResponseCodec.decode(W3CHttpResponseCodec.java:53)
at org.openqa.selenium.remote.HttpCommandExecutor.execute(HttpCommandExecutor.java:184)
at org.openqa.selenium.remote.service.DriverCommandExecutor.invokeExecute(DriverCommandExecutor.java:167)
at org.openqa.selenium.remote.service.DriverCommandExecutor.execute(DriverCommandExecutor.java:142)
at org.openqa.selenium.remote.RemoteWebDriver.execute(RemoteWebDriver.java:567)
at org.openqa.selenium.remote.ElementLocation$ElementFinder$2.findElement(ElementLocation.java:162)
at org.openqa.selenium.remote.ElementLocation.findElement(ElementLocation.java:60)
at org.openqa.selenium.remote.RemoteWebDriver.findElement(RemoteWebDriver.java:385)
at org.openqa.selenium.remote.RemoteWebDriver.findElement(RemoteWebDriver.java:377)
at org.openqa.selenium.support.pagefactory.DefaultElementLocator.findElement(DefaultElementLocator.java:70)
at org.openqa.selenium.support.pagefactory.internal.LocatingElementHandler.invoke(LocatingElementHandler.java:39)
at com.sun.proxy.$Proxy13.findElements(Unknown Source)
at tests.LeaderBoardTest.returnScoreOfUser(LeaderBoardTest.java:28)
at tests.LeaderBoardTest.verifyScoreCard(LeaderBoardTest.java:20)
at sun.reflect.NativeMethodAccessorImpl.invoke0(Native Method)
at sun.reflect.NativeMethodAccessorImpl.invoke(NativeMethodAccessorImpl.java:62)
at sun.reflect.DelegatingMethodAccessorImpl.invoke(DelegatingMethodAccessorImpl.java:43)
at java.lang.reflect.Method.invoke(Method.java:498)
at org.testng.internal.invokers.MethodInvocationHelper.invokeMethod(MethodInvocationHelper.java:135)
at org.testng.internal.invokers.TestInvoker.invokeMethod(TestInvoker.java:673)
at org.testng.internal.invokers.TestInvoker.invokeTestMethod(TestInvoker.java:220)
at org.testng.internal.invokers.MethodRunner.runInSequence(MethodRunner.java:50)
at org.testng.internal.invokers.TestInvoker$MethodInvocationAgent.invoke(TestInvoker.java:945)
at org.testng.internal.invokers.TestInvoker.invokeTestMethods(TestInvoker.java:193)
at org.testng.internal.invokers.TestMethodWorker.invokeTestMethods(TestMethodWorker.java:146)
at org.testng.internal.invokers.TestMethodWorker.run(TestMethodWorker.java:128)
at java.util.concurrent.ThreadPoolExecutor.runWorker(ThreadPoolExecutor.java:1149)
at java.util.concurrent.ThreadPoolExecutor$Worker.run(ThreadPoolExecutor.java:624)
at java.lang.Thread.run(Thread.java:750)
]]>
            </full-stacktrace>
          </exception> <!-- org.openqa.selenium.NoSuchElementException -->
          <reporter-output>
          </reporter-output>
        </test-method> <!-- verifyScoreCard -->
      </class> <!-- tests.LeaderBoardTest -->
      <class name="tests.BaseTest">
        <test-method status="PASS" signature="startBrowser(java.lang.String)[pri:0, instance:tests.BaseTest@4d1b0d2a]" name="startBrowser" is-config="true" duration-ms="9474" started-at="2022-04-27T22:09:53 IST" finished-at="2022-04-27T22:10:03 IST">
          <params>
            <param index="0">
              <value>
                <![CDATA[chrome]]>
              </value>
            </param>
          </params>
          <reporter-output>
          </reporter-output>
        </test-method> <!-- startBrowser -->
        <test-method status="PASS" signature="tearDown()[pri:0, instance:tests.BaseTest@4d1b0d2a]" name="tearDown" is-config="true" duration-ms="843" started-at="2022-04-27T22:10:27 IST" finished-at="2022-04-27T22:10:28 IST">
          <reporter-output>
          </reporter-output>
        </test-method> <!-- tearDown -->
      </class> <!-- tests.BaseTest -->
      <class name="tests.OfficeBattleTest">
        <test-method status="PASS" signature="chooseOfficeBattleAndPerformChallenge(org.testng.ITestContext)[pri:2, instance:tests.OfficeBattleTest@7a36aefa]" name="chooseOfficeBattleAndPerformChallenge" duration-ms="11297" started-at="2022-04-27T22:10:15 IST" finished-at="2022-04-27T22:10:26 IST">
          <params>
            <param index="0">
              <value>
                <![CDATA[org.testng.TestRunner@7d288eb8]]>
              </value>
            </param>
          </params>
          <reporter-output>
          </reporter-output>
        </test-method> <!-- chooseOfficeBattleAndPerformChallenge -->
      </class> <!-- tests.OfficeBattleTest -->
      <class name="tests.LoginAndRegisterTest">
        <test-method status="PASS" signature="userCreationWithUserNameAndPassword(org.testng.ITestContext)[pri:0, instance:tests.LoginAndRegisterTest@5d11346a]" name="userCreationWithUserNameAndPassword" duration-ms="3015" started-at="2022-04-27T22:10:03 IST" finished-at="2022-04-27T22:10:06 IST">
          <params>
            <param index="0">
              <value>
                <![CDATA[org.testng.TestRunner@7d288eb8]]>
              </value>
            </param>
          </params>
          <reporter-output>
          </reporter-output>
        </test-method> <!-- userCreationWithUserNameAndPassword -->
        <test-method status="PASS" signature="loginWithUserNameAndPassword(org.testng.ITestContext)[pri:1, instance:tests.LoginAndRegisterTest@5d11346a]" name="loginWithUserNameAndPassword" duration-ms="8969" started-at="2022-04-27T22:10:06 IST" depends-on-methods="tests.LoginAndRegisterTest.userCreationWithUserNameAndPassword" finished-at="2022-04-27T22:10:15 IST">
          <params>
            <param index="0">
              <value>
                <![CDATA[org.testng.TestRunner@7d288eb8]]>
              </value>
            </param>
          </params>
          <reporter-output>
          </reporter-output>
        </test-method> <!-- loginWithUserNameAndPassword -->
      </class> <!-- tests.LoginAndRegisterTest -->
      <class name="tests.PublicBusTest">
        <test-method status="FAIL" signature="choosePublicBusAndPerformChallenge(org.testng.ITestContext)[pri:2, instance:tests.PublicBusTest@17211155]" name="choosePublicBusAndPerformChallenge" duration-ms="443" started-at="2022-04-27T22:10:26 IST" finished-at="2022-04-27T22:10:27 IST">
          <params>
            <param index="0">
              <value>
                <![CDATA[org.testng.TestRunner@7d288eb8]]>
              </value>
            </param>
          </params>
          <exception class="java.lang.AssertionError">
            <message>
              <![CDATA[expected [Please consider travelling during peak times, when more help is available to you] but found [Move to another seat immediately and report it to the driver!]]]>
            </message>
            <full-stacktrace>
              <![CDATA[java.lang.AssertionError: expected [Please consider travelling during peak times, when more help is available to you] but found [Move to another seat immediately and report it to the driver!]
at org.testng.Assert.fail(Assert.java:110)
at org.testng.Assert.failNotEquals(Assert.java:1413)
at org.testng.Assert.assertEqualsImpl(Assert.java:149)
at org.testng.Assert.assertEquals(Assert.java:131)
at org.testng.Assert.assertEquals(Assert.java:655)
at org.testng.Assert.assertEquals(Assert.java:665)
at tests.PublicBusTest.choosePublicBusAndPerformChallenge(PublicBusTest.java:25)
at sun.reflect.NativeMethodAccessorImpl.invoke0(Native Method)
at sun.reflect.NativeMethodAccessorImpl.invoke(NativeMethodAccessorImpl.java:62)
at sun.reflect.DelegatingMethodAccessorImpl.invoke(DelegatingMethodAccessorImpl.java:43)
at java.lang.reflect.Method.invoke(Method.java:498)
at org.testng.internal.invokers.MethodInvocationHelper.invokeMethod(MethodInvocationHelper.java:135)
at org.testng.internal.invokers.TestInvoker.invokeMethod(TestInvoker.java:673)
at org.testng.internal.invokers.TestInvoker.invokeTestMethod(TestInvoker.java:220)
at org.testng.internal.invokers.MethodRunner.runInSequence(MethodRunner.java:50)
at org.testng.internal.invokers.TestInvoker$MethodInvocationAgent.invoke(TestInvoker.java:945)
at org.testng.internal.invokers.TestInvoker.invokeTestMethods(TestInvoker.java:193)
at org.testng.internal.invokers.TestMethodWorker.invokeTestMethods(TestMethodWorker.java:146)
at org.testng.internal.invokers.TestMethodWorker.run(TestMethodWorker.java:128)
at java.util.concurrent.ThreadPoolExecutor.runWorker(ThreadPoolExecutor.java:1149)
at java.util.concurrent.ThreadPoolExecutor$Worker.run(ThreadPoolExecutor.java:624)
at java.lang.Thread.run(Thread.java:750)
]]>
            </full-stacktrace>
          </exception> <!-- java.lang.AssertionError -->
          <reporter-output>
          </reporter-output>
        </test-method> <!-- choosePublicBusAndPerformChallenge -->
      </class> <!-- tests.PublicBusTest -->
    </test> <!-- Surefire test -->
  </suite> <!-- Surefire suite -->
</testng-results>
